[2018-11-16 15:06:34.785] [exthost1] [info] extension host started
[2018-11-16 15:06:34.798] [exthost1] [info] ExtensionService#_doActivateExtension vscode.debug-auto-launch {"startup":true,"activationEvent":"*"}
[2018-11-16 15:06:34.798] [exthost1] [info] ExtensionService#loadCommonJSModule /usr/lib/code/extensions/debug-auto-launch/out/extension
[2018-11-16 15:06:34.804] [exthost1] [info] ExtensionService#_doActivateExtension vscode.emmet {"startup":true,"activationEvent":"*"}
[2018-11-16 15:06:34.804] [exthost1] [info] ExtensionService#loadCommonJSModule /usr/lib/code/extensions/emmet/dist/extension
[2018-11-16 15:06:34.832] [exthost1] [info] ExtensionService#_doActivateExtension vscode.git {"startup":true,"activationEvent":"*"}
[2018-11-16 15:06:34.832] [exthost1] [info] ExtensionService#loadCommonJSModule /usr/lib/code/extensions/git/dist/main
[2018-11-16 15:06:34.947] [exthost1] [info] ExtensionService#_doActivateExtension vscode.merge-conflict {"startup":true,"activationEvent":"*"}
[2018-11-16 15:06:34.947] [exthost1] [info] ExtensionService#loadCommonJSModule /usr/lib/code/extensions/merge-conflict/out/extension
[2018-11-16 15:06:34.956] [exthost1] [info] ExtensionService#_doActivateExtension vscode.search-rg {"startup":true,"activationEvent":"*"}
[2018-11-16 15:06:34.956] [exthost1] [info] ExtensionService#loadCommonJSModule /usr/lib/code/extensions/search-rg/out/extension
[2018-11-16 15:06:34.962] [exthost1] [info] eager extensions activated
[2018-11-16 15:08:58.210] [exthost1] [info] extension host started
[2018-11-16 15:08:58.222] [exthost1] [info] ExtensionService#_doActivateExtension vscode.debug-auto-launch {"startup":true,"activationEvent":"*"}
[2018-11-16 15:08:58.222] [exthost1] [info] ExtensionService#loadCommonJSModule /usr/lib/code/extensions/debug-auto-launch/out/extension
[2018-11-16 15:08:58.227] [exthost1] [info] ExtensionService#_doActivateExtension vscode.emmet {"startup":true,"activationEvent":"*"}
[2018-11-16 15:08:58.227] [exthost1] [info] ExtensionService#loadCommonJSModule /usr/lib/code/extensions/emmet/dist/extension
[2018-11-16 15:08:58.252] [exthost1] [info] ExtensionService#_doActivateExtension vscode.git {"startup":true,"activationEvent":"*"}
[2018-11-16 15:08:58.252] [exthost1] [info] ExtensionService#loadCommonJSModule /usr/lib/code/extensions/git/dist/main
[2018-11-16 15:08:58.351] [exthost1] [info] ExtensionService#_doActivateExtension vscode.merge-conflict {"startup":true,"activationEvent":"*"}
[2018-11-16 15:08:58.351] [exthost1] [info] ExtensionService#loadCommonJSModule /usr/lib/code/extensions/merge-conflict/out/extension
[2018-11-16 15:08:58.358] [exthost1] [info] ExtensionService#_doActivateExtension vscode.search-rg {"startup":true,"activationEvent":"*"}
[2018-11-16 15:08:58.358] [exthost1] [info] ExtensionService#loadCommonJSModule /usr/lib/code/extensions/search-rg/out/extension
[2018-11-16 15:08:58.361] [exthost1] [info] ExtensionService#_doActivateExtension CoenraadS.bracket-pair-colorizer {"startup":true,"activationEvent":"*"}
[2018-11-16 15:08:58.361] [exthost1] [info] ExtensionService#loadCommonJSModule /home/jschiavon/.vscode-oss/extensions/coenraads.bracket-pair-colorizer-1.0.61/out/src/extension
[2018-11-16 15:08:58.374] [exthost1] [info] ExtensionService#_doActivateExtension eamodio.gitlens {"startup":true,"activationEvent":"*"}
[2018-11-16 15:08:58.374] [exthost1] [info] ExtensionService#loadCommonJSModule /home/jschiavon/.vscode-oss/extensions/eamodio.gitlens-8.5.6/out/extension
[2018-11-16 15:08:58.462] [exthost1] [info] ExtensionService#_doActivateExtension ms-vscode.cpptools {"startup":true,"activationEvent":"*"}
[2018-11-16 15:08:58.462] [exthost1] [info] ExtensionService#loadCommonJSModule /home/jschiavon/.vscode-oss/extensions/ms-vscode.cpptools-0.20.1/out/src/main
[2018-11-16 15:08:58.551] [exthost1] [info] eager extensions activated
[2018-11-16 15:08:58.681] [exthost1] [info] ExtensionService#_doActivateExtension vscode.html-language-features {"startup":false,"activationEvent":"onLanguage:html"}
[2018-11-16 15:08:58.681] [exthost1] [info] ExtensionService#loadCommonJSModule /usr/lib/code/extensions/html-language-features/client/dist/htmlMain
[2018-11-16 15:09:50.979] [exthost1] [info] ExtensionService#_doActivateExtension vscode.configuration-editing {"startup":false,"activationEvent":"onLanguage:jsonc"}
[2018-11-16 15:09:50.979] [exthost1] [info] ExtensionService#loadCommonJSModule /usr/lib/code/extensions/configuration-editing/out/extension
[2018-11-16 15:09:50.995] [exthost1] [info] ExtensionService#_doActivateExtension vscode.json-language-features {"startup":false,"activationEvent":"onLanguage:jsonc"}
[2018-11-16 15:09:50.995] [exthost1] [info] ExtensionService#loadCommonJSModule /usr/lib/code/extensions/json-language-features/client/dist/jsonMain
[2018-11-16 15:09:51.088] [exthost1] [info] ExtensionService#_doActivateExtension vscode.typescript-language-features {"startup":false,"activationEvent":"onLanguage:jsonc"}
[2018-11-16 15:09:51.088] [exthost1] [info] ExtensionService#loadCommonJSModule /usr/lib/code/extensions/typescript-language-features/dist/extension
[2018-11-16 15:20:06.001] [exthost1] [info] extension host started
[2018-11-16 15:20:06.015] [exthost1] [info] ExtensionService#_doActivateExtension vscode.debug-auto-launch {"startup":true,"activationEvent":"*"}
[2018-11-16 15:20:06.015] [exthost1] [info] ExtensionService#loadCommonJSModule /usr/lib/code/extensions/debug-auto-launch/out/extension
[2018-11-16 15:20:06.021] [exthost1] [info] ExtensionService#_doActivateExtension vscode.emmet {"startup":true,"activationEvent":"*"}
[2018-11-16 15:20:06.021] [exthost1] [info] ExtensionService#loadCommonJSModule /usr/lib/code/extensions/emmet/dist/extension
[2018-11-16 15:20:06.051] [exthost1] [info] ExtensionService#_doActivateExtension vscode.git {"startup":true,"activationEvent":"*"}
[2018-11-16 15:20:06.051] [exthost1] [info] ExtensionService#loadCommonJSModule /usr/lib/code/extensions/git/dist/main
[2018-11-16 15:20:06.155] [exthost1] [info] ExtensionService#_doActivateExtension vscode.merge-conflict {"startup":true,"activationEvent":"*"}
[2018-11-16 15:20:06.155] [exthost1] [info] ExtensionService#loadCommonJSModule /usr/lib/code/extensions/merge-conflict/out/extension
[2018-11-16 15:20:06.161] [exthost1] [info] ExtensionService#_doActivateExtension vscode.search-rg {"startup":true,"activationEvent":"*"}
[2018-11-16 15:20:06.161] [exthost1] [info] ExtensionService#loadCommonJSModule /usr/lib/code/extensions/search-rg/out/extension
[2018-11-16 15:20:06.165] [exthost1] [info] ExtensionService#_doActivateExtension CoenraadS.bracket-pair-colorizer {"startup":true,"activationEvent":"*"}
[2018-11-16 15:20:06.165] [exthost1] [info] ExtensionService#loadCommonJSModule /home/jschiavon/.vscode-oss/extensions/coenraads.bracket-pair-colorizer-1.0.61/out/src/extension
[2018-11-16 15:20:06.176] [exthost1] [info] ExtensionService#_doActivateExtension eamodio.gitlens {"startup":true,"activationEvent":"*"}
[2018-11-16 15:20:06.176] [exthost1] [info] ExtensionService#loadCommonJSModule /home/jschiavon/.vscode-oss/extensions/eamodio.gitlens-8.5.6/out/extension
[2018-11-16 15:20:06.266] [exthost1] [info] eager extensions activated
[2018-11-16 15:20:12.131] [exthost1] [info] ExtensionService#_doActivateExtension vscode.configuration-editing {"startup":false,"activationEvent":"onLanguage:jsonc"}
[2018-11-16 15:20:12.131] [exthost1] [info] ExtensionService#loadCommonJSModule /usr/lib/code/extensions/configuration-editing/out/extension
[2018-11-16 15:20:12.140] [exthost1] [info] ExtensionService#_doActivateExtension vscode.json-language-features {"startup":false,"activationEvent":"onLanguage:jsonc"}
[2018-11-16 15:20:12.140] [exthost1] [info] ExtensionService#loadCommonJSModule /usr/lib/code/extensions/json-language-features/client/dist/jsonMain
[2018-11-16 15:20:12.205] [exthost1] [info] ExtensionService#_doActivateExtension vscode.typescript-language-features {"startup":false,"activationEvent":"onLanguage:jsonc"}
[2018-11-16 15:20:12.205] [exthost1] [info] ExtensionService#loadCommonJSModule /usr/lib/code/extensions/typescript-language-features/dist/extension
[2018-11-16 15:22:15.174] [exthost1] [info] extension host started
[2018-11-16 15:22:15.187] [exthost1] [info] ExtensionService#_doActivateExtension vscode.debug-auto-launch {"startup":true,"activationEvent":"*"}
[2018-11-16 15:22:15.187] [exthost1] [info] ExtensionService#loadCommonJSModule /usr/lib/code/extensions/debug-auto-launch/out/extension
[2018-11-16 15:22:15.192] [exthost1] [info] ExtensionService#_doActivateExtension vscode.emmet {"startup":true,"activationEvent":"*"}
[2018-11-16 15:22:15.193] [exthost1] [info] ExtensionService#loadCommonJSModule /usr/lib/code/extensions/emmet/dist/extension
[2018-11-16 15:22:15.224] [exthost1] [info] ExtensionService#_doActivateExtension vscode.git {"startup":true,"activationEvent":"*"}
[2018-11-16 15:22:15.224] [exthost1] [info] ExtensionService#loadCommonJSModule /usr/lib/code/extensions/git/dist/main
[2018-11-16 15:22:15.335] [exthost1] [info] ExtensionService#_doActivateExtension vscode.merge-conflict {"startup":true,"activationEvent":"*"}
[2018-11-16 15:22:15.335] [exthost1] [info] ExtensionService#loadCommonJSModule /usr/lib/code/extensions/merge-conflict/out/extension
[2018-11-16 15:22:15.342] [exthost1] [info] ExtensionService#_doActivateExtension vscode.search-rg {"startup":true,"activationEvent":"*"}
[2018-11-16 15:22:15.342] [exthost1] [info] ExtensionService#loadCommonJSModule /usr/lib/code/extensions/search-rg/out/extension
[2018-11-16 15:22:15.348] [exthost1] [info] ExtensionService#_doActivateExtension CoenraadS.bracket-pair-colorizer {"startup":true,"activationEvent":"*"}
[2018-11-16 15:22:15.348] [exthost1] [info] ExtensionService#loadCommonJSModule /home/jschiavon/.vscode-oss/extensions/coenraads.bracket-pair-colorizer-1.0.61/out/src/extension
[2018-11-16 15:22:15.367] [exthost1] [info] ExtensionService#_doActivateExtension eamodio.gitlens {"startup":true,"activationEvent":"*"}
[2018-11-16 15:22:15.367] [exthost1] [info] ExtensionService#loadCommonJSModule /home/jschiavon/.vscode-oss/extensions/eamodio.gitlens-8.5.6/out/extension
[2018-11-16 15:22:15.469] [exthost1] [info] ExtensionService#_doActivateExtension robertohuertasm.vscode-icons {"startup":true,"activationEvent":"*"}
[2018-11-16 15:22:15.469] [exthost1] [info] ExtensionService#loadCommonJSModule /home/jschiavon/.vscode-oss/extensions/robertohuertasm.vscode-icons-7.28.0/out/src/
[2018-11-16 15:22:15.537] [exthost1] [info] eager extensions activated
[2018-11-16 15:22:19.767] [exthost1] [info] ExtensionService#_doActivateExtension vscode.configuration-editing {"startup":false,"activationEvent":"onLanguage:jsonc"}
[2018-11-16 15:22:19.767] [exthost1] [info] ExtensionService#loadCommonJSModule /usr/lib/code/extensions/configuration-editing/out/extension
[2018-11-16 15:22:19.782] [exthost1] [info] ExtensionService#_doActivateExtension vscode.json-language-features {"startup":false,"activationEvent":"onLanguage:jsonc"}
[2018-11-16 15:22:19.782] [exthost1] [info] ExtensionService#loadCommonJSModule /usr/lib/code/extensions/json-language-features/client/dist/jsonMain
[2018-11-16 15:22:19.859] [exthost1] [info] ExtensionService#_doActivateExtension vscode.typescript-language-features {"startup":false,"activationEvent":"onLanguage:jsonc"}
[2018-11-16 15:22:19.859] [exthost1] [info] ExtensionService#loadCommonJSModule /usr/lib/code/extensions/typescript-language-features/dist/extension
