[2018-11-16 15:06:36.791] [sharedprocess] [info] main {"machineId":"90f6a35a7aa8ae85a5953ade13eda0b77baa2e035a53c06917a545b8815c7e2b"}
[2018-11-16 15:06:36.822] [sharedprocess] [info] Scanned user extensions: 0
[2018-11-16 15:06:36.843] [sharedprocess] [info] Scanned user extensions: 0
[2018-11-16 15:06:36.867] [sharedprocess] [info] Scanned user extensions: 0
[2018-11-16 15:06:36.878] [sharedprocess] [info] Scanned user extensions: 0
[2018-11-16 15:06:36.898] [sharedprocess] [info] Scanned user extensions: 0
[2018-11-16 15:06:36.950] [sharedprocess] [info] Scanned system extensions: 71
[2018-11-16 15:06:36.955] [sharedprocess] [info] Scanned system extensions: 71
[2018-11-16 15:06:36.956] [sharedprocess] [info] Scanned system extensions: 71
[2018-11-16 15:06:36.957] [sharedprocess] [info] Scanned system extensions: 71
[2018-11-16 15:06:37.294] [sharedprocess] [info] Scanned user extensions: 0
[2018-11-16 15:06:40.886] [sharedprocess] [info] Scanned user extensions: 0
[2018-11-16 15:06:40.934] [sharedprocess] [info] Scanned user extensions: 0
[2018-11-16 15:06:40.974] [sharedprocess] [info] Scanned system extensions: 71
[2018-11-16 15:06:47.540] [sharedprocess] [info] Installing extension: python
[2018-11-16 15:06:47.543] [sharedprocess] [info] Scanned user extensions: 0
[2018-11-16 15:06:48.802] [sharedprocess] [info] Installing extension: cpptools
[2018-11-16 15:06:48.803] [sharedprocess] [info] Scanned user extensions: 0
[2018-11-16 15:06:49.422] [sharedprocess] [info] Downloaded extension: cpptools /tmp/1f2485a2-da81-47ea-aea1-77a34bb208f7
[2018-11-16 15:06:49.897] [sharedprocess] [info] Downloaded extension: python /tmp/64150c1b-2366-4dd7-ba51-97cf6c3b0925
[2018-11-16 15:06:50.055] [sharedprocess] [info] Extracted extension to /home/jschiavon/.vscode-oss/extensions/.ms-vscode.cpptools-0.20.1: ms-vscode.cpptools-0.20.1
[2018-11-16 15:06:50.055] [sharedprocess] [info] Renamed to /home/jschiavon/.vscode-oss/extensions/ms-vscode.cpptools-0.20.1
[2018-11-16 15:06:50.055] [sharedprocess] [info] Installation completed. ms-vscode.cpptools-0.20.1
[2018-11-16 15:06:50.069] [sharedprocess] [info] Extensions installed successfully: ms-vscode.cpptools
[2018-11-16 15:06:50.183] [sharedprocess] [info] Scanned user extensions: 1
[2018-11-16 15:06:50.203] [sharedprocess] [info] Scanned system extensions: 71
[2018-11-16 15:06:54.099] [sharedprocess] [info] Extracted extension to /home/jschiavon/.vscode-oss/extensions/.ms-python.python-2018.10.1: ms-python.python-2018.10.1
[2018-11-16 15:06:54.099] [sharedprocess] [info] Renamed to /home/jschiavon/.vscode-oss/extensions/ms-python.python-2018.10.1
[2018-11-16 15:06:54.099] [sharedprocess] [info] Installation completed. ms-python.python-2018.10.1
[2018-11-16 15:06:54.119] [sharedprocess] [info] Extensions installed successfully: ms-python.python
[2018-11-16 15:06:54.246] [sharedprocess] [info] Scanned user extensions: 2
[2018-11-16 15:06:54.257] [sharedprocess] [info] Scanned user extensions: 2
[2018-11-16 15:06:54.294] [sharedprocess] [info] Scanned system extensions: 71
[2018-11-16 15:06:54.296] [sharedprocess] [info] Scanned system extensions: 71
[2018-11-16 15:07:00.245] [sharedprocess] [info] Installing extension: gitlens
[2018-11-16 15:07:00.250] [sharedprocess] [info] Scanned user extensions: 2
[2018-11-16 15:07:00.698] [sharedprocess] [info] Downloaded extension: gitlens /tmp/950cdc28-e58f-433a-8a0b-e3ee68f2dacc
[2018-11-16 15:07:01.242] [sharedprocess] [info] Extracted extension to /home/jschiavon/.vscode-oss/extensions/.eamodio.gitlens-8.5.6: eamodio.gitlens-8.5.6
[2018-11-16 15:07:01.242] [sharedprocess] [info] Renamed to /home/jschiavon/.vscode-oss/extensions/eamodio.gitlens-8.5.6
[2018-11-16 15:07:01.242] [sharedprocess] [info] Installation completed. eamodio.gitlens-8.5.6
[2018-11-16 15:07:01.262] [sharedprocess] [info] Extensions installed successfully: eamodio.gitlens
[2018-11-16 15:07:01.394] [sharedprocess] [info] Scanned user extensions: 3
[2018-11-16 15:07:01.427] [sharedprocess] [info] Scanned system extensions: 71
[2018-11-16 15:07:16.793] [sharedprocess] [info] Starting to clean up unused language packs.
[2018-11-16 15:07:44.896] [sharedprocess] [info] Installing extension: bracket-pair-colorizer
[2018-11-16 15:07:44.928] [sharedprocess] [info] Scanned user extensions: 3
[2018-11-16 15:07:45.291] [sharedprocess] [info] Downloaded extension: bracket-pair-colorizer /tmp/92202544-9607-4c93-a8ec-1990cee0f98e
[2018-11-16 15:07:45.691] [sharedprocess] [info] Extracted extension to /home/jschiavon/.vscode-oss/extensions/.coenraads.bracket-pair-colorizer-1.0.61: coenraads.bracket-pair-colorizer-1.0.61
[2018-11-16 15:07:45.691] [sharedprocess] [info] Renamed to /home/jschiavon/.vscode-oss/extensions/coenraads.bracket-pair-colorizer-1.0.61
[2018-11-16 15:07:45.691] [sharedprocess] [info] Installation completed. coenraads.bracket-pair-colorizer-1.0.61
[2018-11-16 15:07:45.697] [sharedprocess] [info] Extensions installed successfully: coenraads.bracket-pair-colorizer
[2018-11-16 15:07:45.831] [sharedprocess] [info] Scanned user extensions: 4
[2018-11-16 15:07:45.864] [sharedprocess] [info] Scanned system extensions: 71
[2018-11-16 15:08:57.869] [sharedprocess] [info] Scanned user extensions: 4
[2018-11-16 15:08:57.878] [sharedprocess] [info] Scanned user extensions: 4
[2018-11-16 15:08:57.883] [sharedprocess] [info] Scanned user extensions: 4
[2018-11-16 15:08:57.904] [sharedprocess] [info] Scanned system extensions: 71
[2018-11-16 15:08:57.922] [sharedprocess] [info] Scanned user extensions: 4
[2018-11-16 15:08:57.926] [sharedprocess] [info] Scanned user extensions: 4
[2018-11-16 15:08:57.931] [sharedprocess] [info] Scanned user extensions: 4
[2018-11-16 15:08:57.987] [sharedprocess] [info] Scanned system extensions: 71
[2018-11-16 15:08:57.991] [sharedprocess] [info] Scanned system extensions: 71
[2018-11-16 15:08:57.996] [sharedprocess] [info] Scanned system extensions: 71
[2018-11-16 15:09:00.769] [sharedprocess] [info] Scanned user extensions: 4
[2018-11-16 15:14:00.808] [sharedprocess] [info] Scanned user extensions: 4
[2018-11-16 15:18:55.630] [sharedprocess] [info] Installing extension: Material-theme
[2018-11-16 15:18:55.637] [sharedprocess] [info] Scanned user extensions: 4
[2018-11-16 15:18:56.227] [sharedprocess] [info] Downloaded extension: Material-theme /tmp/015675c2-bb9c-48f6-a693-9a39ca48b801
[2018-11-16 15:18:56.264] [sharedprocess] [info] Extracted extension to /home/jschiavon/.vscode-oss/extensions/.zhuangtongfa.material-theme-2.17.7: zhuangtongfa.material-theme-2.17.7
[2018-11-16 15:18:56.264] [sharedprocess] [info] Renamed to /home/jschiavon/.vscode-oss/extensions/zhuangtongfa.material-theme-2.17.7
[2018-11-16 15:18:56.264] [sharedprocess] [info] Installation completed. zhuangtongfa.material-theme-2.17.7
[2018-11-16 15:18:56.276] [sharedprocess] [info] Extensions installed successfully: zhuangtongfa.material-theme
[2018-11-16 15:18:56.422] [sharedprocess] [info] Scanned user extensions: 5
[2018-11-16 15:18:56.453] [sharedprocess] [info] Scanned system extensions: 71
[2018-11-16 15:19:00.857] [sharedprocess] [info] Scanned user extensions: 5
[2018-11-16 15:19:58.672] [sharedprocess] [info] Installing extension: linux-themes
[2018-11-16 15:19:58.693] [sharedprocess] [info] Scanned user extensions: 5
[2018-11-16 15:19:59.128] [sharedprocess] [info] Downloaded extension: linux-themes /tmp/3c40c455-23ca-4640-a1f7-5f212db03b2d
[2018-11-16 15:19:59.191] [sharedprocess] [info] Extracted extension to /home/jschiavon/.vscode-oss/extensions/.solarliner.linux-themes-1.0.1: solarliner.linux-themes-1.0.1
[2018-11-16 15:19:59.191] [sharedprocess] [info] Renamed to /home/jschiavon/.vscode-oss/extensions/solarliner.linux-themes-1.0.1
[2018-11-16 15:19:59.191] [sharedprocess] [info] Installation completed. solarliner.linux-themes-1.0.1
[2018-11-16 15:19:59.196] [sharedprocess] [info] Extensions installed successfully: solarliner.linux-themes
[2018-11-16 15:19:59.327] [sharedprocess] [info] Scanned user extensions: 6
[2018-11-16 15:19:59.349] [sharedprocess] [info] Scanned system extensions: 71
[2018-11-16 15:20:05.572] [sharedprocess] [info] Scanned user extensions: 6
[2018-11-16 15:20:05.579] [sharedprocess] [info] Scanned user extensions: 6
[2018-11-16 15:20:05.587] [sharedprocess] [info] Scanned user extensions: 6
[2018-11-16 15:20:05.619] [sharedprocess] [info] Scanned system extensions: 71
[2018-11-16 15:20:05.669] [sharedprocess] [info] Scanned user extensions: 6
[2018-11-16 15:20:05.680] [sharedprocess] [info] Scanned user extensions: 6
[2018-11-16 15:20:05.686] [sharedprocess] [info] Scanned user extensions: 6
[2018-11-16 15:20:05.730] [sharedprocess] [info] Scanned system extensions: 71
[2018-11-16 15:20:05.733] [sharedprocess] [info] Scanned system extensions: 71
[2018-11-16 15:20:05.737] [sharedprocess] [info] Scanned system extensions: 71
[2018-11-16 15:20:08.509] [sharedprocess] [info] Scanned user extensions: 6
[2018-11-16 15:21:37.681] [sharedprocess] [info] Scanned user extensions: 6
[2018-11-16 15:21:37.685] [sharedprocess] [info] Scanned user extensions: 6
[2018-11-16 15:21:37.692] [sharedprocess] [info] Scanned user extensions: 6
[2018-11-16 15:21:37.737] [sharedprocess] [info] Scanned system extensions: 71
[2018-11-16 15:21:37.742] [sharedprocess] [info] Scanned system extensions: 71
[2018-11-16 15:21:37.746] [sharedprocess] [info] Scanned system extensions: 71
[2018-11-16 15:22:10.789] [sharedprocess] [info] Installing extension: vscode-icons
[2018-11-16 15:22:10.808] [sharedprocess] [info] Scanned user extensions: 6
[2018-11-16 15:22:11.259] [sharedprocess] [info] Downloaded extension: vscode-icons /tmp/c97afb56-9646-4431-ac57-912873eea423
[2018-11-16 15:22:12.439] [sharedprocess] [info] Extracted extension to /home/jschiavon/.vscode-oss/extensions/.robertohuertasm.vscode-icons-7.28.0: robertohuertasm.vscode-icons-7.28.0
[2018-11-16 15:22:12.439] [sharedprocess] [info] Renamed to /home/jschiavon/.vscode-oss/extensions/robertohuertasm.vscode-icons-7.28.0
[2018-11-16 15:22:12.439] [sharedprocess] [info] Installation completed. robertohuertasm.vscode-icons-7.28.0
[2018-11-16 15:22:12.452] [sharedprocess] [info] Extensions installed successfully: robertohuertasm.vscode-icons
[2018-11-16 15:22:12.594] [sharedprocess] [info] Scanned user extensions: 7
[2018-11-16 15:22:12.615] [sharedprocess] [info] Scanned system extensions: 71
[2018-11-16 15:22:14.768] [sharedprocess] [info] Scanned user extensions: 7
[2018-11-16 15:22:14.774] [sharedprocess] [info] Scanned user extensions: 7
[2018-11-16 15:22:14.781] [sharedprocess] [info] Scanned user extensions: 7
[2018-11-16 15:22:14.796] [sharedprocess] [info] Scanned system extensions: 71
[2018-11-16 15:22:14.848] [sharedprocess] [info] Scanned user extensions: 7
[2018-11-16 15:22:14.853] [sharedprocess] [info] Scanned user extensions: 7
[2018-11-16 15:22:14.859] [sharedprocess] [info] Scanned user extensions: 7
[2018-11-16 15:22:14.899] [sharedprocess] [info] Scanned system extensions: 71
[2018-11-16 15:22:14.903] [sharedprocess] [info] Scanned system extensions: 71
[2018-11-16 15:22:14.906] [sharedprocess] [info] Scanned system extensions: 71
[2018-11-16 15:22:17.710] [sharedprocess] [info] Scanned user extensions: 7
